<?xml version="1.0" encoding="UTF-8"?>
<!-- Generated by org.testng.reporters.JUnitXMLReporter -->
<testsuite ignored="1" hostname="DESKTOP-5966DD6" failures="0" tests="1" name="Default test" time="1.884" errors="0" timestamp="2024-09-10T23:28:23 IST">
  <testcase classname="loginTests.Unsuccessfull_login_test" name="testEmptyFields" time="1.269"/>
  <testcase classname="loginTests.Unsuccessfull_login_test" name="unsuccessfull_login" time="0.0">
    <ignored/>
  </testcase> <!-- unsuccessfull_login -->
</testsuite> <!-- Default test -->
